Determining if the pthread_create exist failed with the following output:
Change Dir: /home/workspace/CppND-Capstone-Snake-Game/CMakeFiles/CMakeTmp

Run Build Command:"/usr/bin/make" "cmTC_b869c/fast"
/usr/bin/make -f CMakeFiles/cmTC_b869c.dir/build.make CMakeFiles/cmTC_b869c.dir/build
make[1]: Entering directory '/home/workspace/CppND-Capstone-Snake-Game/CMakeFiles/CMakeTmp'
Building C object CMakeFiles/cmTC_b869c.dir/CheckSymbolExists.c.o
/usr/bin/cc    -o CMakeFiles/cmTC_b869c.dir/CheckSymbolExists.c.o   -c /home/workspace/CppND-Capstone-Snake-Game/CMakeFiles/CMakeTmp/CheckSymbolExists.c
Linking C executable cmTC_b869c
/usr/local/bin/cmake -E cmake_link_script CMakeFiles/cmTC_b869c.dir/link.txt --verbose=1
/usr/bin/cc      CMakeFiles/cmTC_b869c.dir/CheckSymbolExists.c.o  -o cmTC_b869c 
CMakeFiles/cmTC_b869c.dir/CheckSymbolExists.c.o: In function `main':
CheckSymbolExists.c:(.text+0x16): undefined reference to `pthread_create'
collect2: error: ld returned 1 exit status
CMakeFiles/cmTC_b869c.dir/build.make:86: recipe for target 'cmTC_b869c' failed
make[1]: *** [cmTC_b869c] Error 1
make[1]: Leaving directory '/home/workspace/CppND-Capstone-Snake-Game/CMakeFiles/CMakeTmp'
Makefile:121: recipe for target 'cmTC_b869c/fast' failed
make: *** [cmTC_b869c/fast] Error 2

File /home/workspace/CppND-Capstone-Snake-Game/CMakeFiles/CMakeTmp/CheckSymbolExists.c:
/* */
#include <pthread.h>

int main(int argc, char** argv)
{
  (void)argv;
#ifndef pthread_create
  return ((int*)(&pthread_create))[argc];
#else
  (void)argc;
  return 0;
#endif
}

Determining if the function pthread_create exists in the pthreads failed with the following output:
Change Dir: /home/workspace/CppND-Capstone-Snake-Game/CMakeFiles/CMakeTmp

Run Build Command:"/usr/bin/make" "cmTC_229be/fast"
/usr/bin/make -f CMakeFiles/cmTC_229be.dir/build.make CMakeFiles/cmTC_229be.dir/build
make[1]: Entering directory '/home/workspace/CppND-Capstone-Snake-Game/CMakeFiles/CMakeTmp'
Building C object CMakeFiles/cmTC_229be.dir/CheckFunctionExists.c.o
/usr/bin/cc   -DCHECK_FUNCTION_EXISTS=pthread_create   -o CMakeFiles/cmTC_229be.dir/CheckFunctionExists.c.o   -c /usr/local/share/cmake-3.13/Modules/CheckFunctionExists.c
Linking C executable cmTC_229be
/usr/local/bin/cmake -E cmake_link_script CMakeFiles/cmTC_229be.dir/link.txt --verbose=1
/usr/bin/cc  -DCHECK_FUNCTION_EXISTS=pthread_create    CMakeFiles/cmTC_229be.dir/CheckFunctionExists.c.o  -o cmTC_229be -lpthreads 
/usr/bin/ld: cannot find -lpthreads
collect2: error: ld returned 1 exit status
CMakeFiles/cmTC_229be.dir/build.make:86: recipe for target 'cmTC_229be' failed
make[1]: *** [cmTC_229be] Error 1
make[1]: Leaving directory '/home/workspace/CppND-Capstone-Snake-Game/CMakeFiles/CMakeTmp'
Makefile:121: recipe for target 'cmTC_229be/fast' failed
make: *** [cmTC_229be/fast] Error 2


