Determining if the pthread_create exist failed with the following output:
Change Dir: /home/workspace/CppND-Capstone-Snake-Game/build/CMakeFiles/CMakeTmp

Run Build Command:"/usr/bin/make" "cmTC_9c980/fast"
make[1]: Entering directory '/home/workspace/CppND-Capstone-Snake-Game/build/CMakeFiles/CMakeTmp'
/usr/bin/make -f CMakeFiles/cmTC_9c980.dir/build.make CMakeFiles/cmTC_9c980.dir/build
make[2]: Entering directory '/home/workspace/CppND-Capstone-Snake-Game/build/CMakeFiles/CMakeTmp'
Building C object CMakeFiles/cmTC_9c980.dir/CheckSymbolExists.c.o
/usr/bin/x86_64-linux-gnu-gcc-7    -o CMakeFiles/cmTC_9c980.dir/CheckSymbolExists.c.o   -c /home/workspace/CppND-Capstone-Snake-Game/build/CMakeFiles/CMakeTmp/CheckSymbolExists.c
Linking C executable cmTC_9c980
/usr/local/bin/cmake -E cmake_link_script CMakeFiles/cmTC_9c980.dir/link.txt --verbose=1
/usr/bin/x86_64-linux-gnu-gcc-7      CMakeFiles/cmTC_9c980.dir/CheckSymbolExists.c.o  -o cmTC_9c980 
CMakeFiles/cmTC_9c980.dir/CheckSymbolExists.c.o: In function `main':
CheckSymbolExists.c:(.text+0x16): undefined reference to `pthread_create'
collect2: error: ld returned 1 exit status
CMakeFiles/cmTC_9c980.dir/build.make:86: recipe for target 'cmTC_9c980' failed
make[2]: *** [cmTC_9c980] Error 1
make[2]: Leaving directory '/home/workspace/CppND-Capstone-Snake-Game/build/CMakeFiles/CMakeTmp'
Makefile:121: recipe for target 'cmTC_9c980/fast' failed
make[1]: *** [cmTC_9c980/fast] Error 2
make[1]: Leaving directory '/home/workspace/CppND-Capstone-Snake-Game/build/CMakeFiles/CMakeTmp'

File /home/workspace/CppND-Capstone-Snake-Game/build/CMakeFiles/CMakeTmp/CheckSymbolExists.c:
/* */
#include <pthread.h>

int main(int argc, char** argv)
{
  (void)argv;
#ifndef pthread_create
  return ((int*)(&pthread_create))[argc];
#else
  (void)argc;
  return 0;
#endif
}

Determining if the function pthread_create exists in the pthreads failed with the following output:
Change Dir: /home/workspace/CppND-Capstone-Snake-Game/build/CMakeFiles/CMakeTmp

Run Build Command:"/usr/bin/make" "cmTC_8ad82/fast"
make[1]: Entering directory '/home/workspace/CppND-Capstone-Snake-Game/build/CMakeFiles/CMakeTmp'
/usr/bin/make -f CMakeFiles/cmTC_8ad82.dir/build.make CMakeFiles/cmTC_8ad82.dir/build
make[2]: Entering directory '/home/workspace/CppND-Capstone-Snake-Game/build/CMakeFiles/CMakeTmp'
Building C object CMakeFiles/cmTC_8ad82.dir/CheckFunctionExists.c.o
/usr/bin/x86_64-linux-gnu-gcc-7   -DCHECK_FUNCTION_EXISTS=pthread_create   -o CMakeFiles/cmTC_8ad82.dir/CheckFunctionExists.c.o   -c /usr/local/share/cmake-3.13/Modules/CheckFunctionExists.c
Linking C executable cmTC_8ad82
/usr/local/bin/cmake -E cmake_link_script CMakeFiles/cmTC_8ad82.dir/link.txt --verbose=1
/usr/bin/x86_64-linux-gnu-gcc-7  -DCHECK_FUNCTION_EXISTS=pthread_create    CMakeFiles/cmTC_8ad82.dir/CheckFunctionExists.c.o  -o cmTC_8ad82 -lpthreads 
/usr/bin/ld: cannot find -lpthreads
collect2: error: ld returned 1 exit status
CMakeFiles/cmTC_8ad82.dir/build.make:86: recipe for target 'cmTC_8ad82' failed
make[2]: *** [cmTC_8ad82] Error 1
make[2]: Leaving directory '/home/workspace/CppND-Capstone-Snake-Game/build/CMakeFiles/CMakeTmp'
Makefile:121: recipe for target 'cmTC_8ad82/fast' failed
make[1]: *** [cmTC_8ad82/fast] Error 2
make[1]: Leaving directory '/home/workspace/CppND-Capstone-Snake-Game/build/CMakeFiles/CMakeTmp'


